<html>
<head>
<title>TestNG:  Test</title>
<link href="../testng.css" rel="stylesheet" type="text/css" />
<link href="../my-testng.css" rel="stylesheet" type="text/css" />

<style type="text/css">
.log { display: none;} 
.stack-trace { display: none;} 
</style>
<script type="text/javascript">
<!--
function flip(e) {
  current = e.style.display;
  if (current == 'block') {
    e.style.display = 'none';
    return 0;
  }
  else {
    e.style.display = 'block';
    return 1;
  }
}

function toggleBox(szDivId, elem, msg1, msg2)
{
  var res = -1;  if (document.getElementById) {
    res = flip(document.getElementById(szDivId));
  }
  else if (document.all) {
    // this is the way old msie versions work
    res = flip(document.all[szDivId]);
  }
  if(elem) {
    if(res == 0) elem.innerHTML = msg1; else elem.innerHTML = msg2;
  }

}

function toggleAllBoxes() {
  if (document.getElementsByTagName) {
    d = document.getElementsByTagName('div');
    for (i = 0; i < d.length; i++) {
      if (d[i].className == 'log') {
        flip(d[i]);
      }
    }
  }
}

// -->
</script>

</head>
<body>
<h2 align='center'>Test</h2><table border='1' align="center">
<tr>
<td>Tests passed/Failed/Skipped:</td><td>34/1/0</td>
</tr><tr>
<td>Started on:</td><td>Sun Sep 04 09:26:38 IDT 2022</td>
</tr>
<tr><td>Total time:</td><td>559 seconds (559085 ms)</td>
</tr><tr>
<td>Included groups:</td><td></td>
</tr><tr>
<td>Excluded groups:</td><td></td>
</tr>
</table><p/>
<small><i>(Hover the method name to see the test class name)</i></small><p/>
<table width='100%' border='1' class='invocation-failed'>
<tr><td colspan='4' align='center'><b>FAILED TESTS</b></td></tr>
<tr><td><b>Test method</b></td>
<td width="30%"><b>Exception</b></td>
<td width="10%"><b>Time (seconds)</b></td>
<td><b>Instance</b></td>
</tr>
<tr>
<td title='Suite1_RegistrationAndAuthentication.Page_1_TerminalXRegistrationTest.testcase14()'><b>testcase14</b><br>Test class: Suite1_RegistrationAndAuthentication.Page_1_TerminalXRegistrationTest<br>Test method: checkAllCorrect</td>
<td><div><pre>org.openqa.selenium.TimeoutException: Expected condition failed: waiting for visibility of element located by By.cssSelector: [data-test-id=&quot;qa-header-profile-button&quot;] (tried for 10 second(s) with 500 milliseconds interval)
Build info: version: &apos;4.0.0&apos;, revision: &apos;3a21814679&apos;
System info: host: &apos;DESKTOP-ROECGEC&apos;, ip: &apos;192.168.8.100&apos;, os.name: &apos;Windows 10&apos;, os.arch: &apos;amd64&apos;, os.version: &apos;10.0&apos;, java.version: &apos;1.8.0_111&apos;
Driver info: org.openqa.selenium.chrome.ChromeDriver
Capabilities {acceptInsecureCerts: false, browserName: chrome, browserVersion: 104.0.5112.102, chrome: {chromedriverVersion: 104.0.5112.79 (3cf3e8c8a07d..., userDataDir: C:\Users\THIS_U~1\AppData\L...}, goog:chromeOptions: {debuggerAddress: localhost:56504}, javascriptEnabled: true, networkConnectionEnabled: false, pageLoadStrategy: normal, platform: WINDOWS, platformName: WINDOWS, proxy: Proxy(), se:cdp: ws://localhost:56504/devtoo..., se:cdpVersion: 104.0.5112.102, setWindowRect: true, strictFileInteractability: false, timeouts: {implicit: 0, pageLoad: 300000, script: 30000}, unhandledPromptBehavior: dismiss and notify, webauthn:extension:credBlob: true, webauthn:extension:largeBlob: true, webauthn:virtualAuthenticators: true}
Session ID: 927308643bc8f88532892913bf925f68
	at org.openqa.selenium.support.ui.WebDriverWait.timeoutException(WebDriverWait.java:138)
	at org.openqa.selenium.support.ui.FluentWait.until(FluentWait.java:231)
	at utils.BasePage.waitUntilVisibilityElemntLocated(BasePage.java:54)
	at Suite1_RegistrationAndAuthentication.PageTerminalXRegistrationObjectModel.checkAllCorrect(PageTerminalXRegistrationObjectModel.java:178)
	at Suite1_RegistrationAndAuthentication.Page_1_TerminalXRegistrationTest.testcase14(Page_1_TerminalXRegistrationTest.java:121)
... Removed 25 stack frames</pre></div><a href='#' onClick='toggleBox("stack-trace1633375360", this, "Click to show all stack frames", "Click to hide stack frames")'>Click to show all stack frames</a>
<div class='stack-trace' id='stack-trace1633375360'><pre>org.openqa.selenium.TimeoutException: Expected condition failed: waiting for visibility of element located by By.cssSelector: [data-test-id=&quot;qa-header-profile-button&quot;] (tried for 10 second(s) with 500 milliseconds interval)
Build info: version: &apos;4.0.0&apos;, revision: &apos;3a21814679&apos;
System info: host: &apos;DESKTOP-ROECGEC&apos;, ip: &apos;192.168.8.100&apos;, os.name: &apos;Windows 10&apos;, os.arch: &apos;amd64&apos;, os.version: &apos;10.0&apos;, java.version: &apos;1.8.0_111&apos;
Driver info: org.openqa.selenium.chrome.ChromeDriver
Capabilities {acceptInsecureCerts: false, browserName: chrome, browserVersion: 104.0.5112.102, chrome: {chromedriverVersion: 104.0.5112.79 (3cf3e8c8a07d..., userDataDir: C:\Users\THIS_U~1\AppData\L...}, goog:chromeOptions: {debuggerAddress: localhost:56504}, javascriptEnabled: true, networkConnectionEnabled: false, pageLoadStrategy: normal, platform: WINDOWS, platformName: WINDOWS, proxy: Proxy(), se:cdp: ws://localhost:56504/devtoo..., se:cdpVersion: 104.0.5112.102, setWindowRect: true, strictFileInteractability: false, timeouts: {implicit: 0, pageLoad: 300000, script: 30000}, unhandledPromptBehavior: dismiss and notify, webauthn:extension:credBlob: true, webauthn:extension:largeBlob: true, webauthn:virtualAuthenticators: true}
Session ID: 927308643bc8f88532892913bf925f68
	at org.openqa.selenium.support.ui.WebDriverWait.timeoutException(WebDriverWait.java:138)
	at org.openqa.selenium.support.ui.FluentWait.until(FluentWait.java:231)
	at utils.BasePage.waitUntilVisibilityElemntLocated(BasePage.java:54)
	at Suite1_RegistrationAndAuthentication.PageTerminalXRegistrationObjectModel.checkAllCorrect(PageTerminalXRegistrationObjectModel.java:178)
	at Suite1_RegistrationAndAuthentication.Page_1_TerminalXRegistrationTest.testcase14(Page_1_TerminalXRegistrationTest.java:121)
	at sun.reflect.NativeMethodAccessorImpl.invoke0(Native Method)
	at sun.reflect.NativeMethodAccessorImpl.invoke(Unknown Source)
	at sun.reflect.DelegatingMethodAccessorImpl.invoke(Unknown Source)
	at java.lang.reflect.Method.invoke(Unknown Source)
	at org.testng.internal.MethodInvocationHelper.invokeMethod(MethodInvocationHelper.java:100)
	at org.testng.internal.Invoker.invokeMethod(Invoker.java:646)
	at org.testng.internal.Invoker.invokeTestMethod(Invoker.java:811)
	at org.testng.internal.Invoker.invokeTestMethods(Invoker.java:1129)
	at org.testng.internal.TestMethodWorker.invokeTestMethods(TestMethodWorker.java:129)
	at org.testng.internal.TestMethodWorker.run(TestMethodWorker.java:112)
	at org.testng.TestRunner.privateRun(TestRunner.java:746)
	at org.testng.TestRunner.run(TestRunner.java:600)
	at org.testng.SuiteRunner.runTest(SuiteRunner.java:366)
	at org.testng.SuiteRunner.runSequentially(SuiteRunner.java:361)
	at org.testng.SuiteRunner.privateRun(SuiteRunner.java:319)
	at org.testng.SuiteRunner.run(SuiteRunner.java:268)
	at org.testng.SuiteRunnerWorker.runSuite(SuiteRunnerWorker.java:52)
	at org.testng.SuiteRunnerWorker.run(SuiteRunnerWorker.java:86)
	at org.testng.TestNG.runSuitesSequentially(TestNG.java:1264)
	at org.testng.TestNG.runSuitesLocally(TestNG.java:1189)
	at org.testng.TestNG.runSuites(TestNG.java:1104)
	at org.testng.TestNG.run(TestNG.java:1076)
	at org.testng.remote.AbstractRemoteTestNG.run(AbstractRemoteTestNG.java:126)
	at org.testng.remote.RemoteTestNG.initAndRun(RemoteTestNG.java:152)
	at org.testng.remote.RemoteTestNG.main(RemoteTestNG.java:57)
</pre></div></td>
<td>23</td>
<td>Suite1_RegistrationAndAuthentication.Page_1_TerminalXRegistrationTest@5e2c3d18</td></tr>
</table><p>
<table width='100%' border='1' class='invocation-passed'>
<tr><td colspan='4' align='center'><b>PASSED TESTS</b></td></tr>
<tr><td><b>Test method</b></td>
<td width="30%"><b>Exception</b></td>
<td width="10%"><b>Time (seconds)</b></td>
<td><b>Instance</b></td>
</tr>
<tr>
<td title='Suite2_ShoppingCart.Page_7_TerminalXShoppingCartTest.tastcase1()'><b>tastcase1</b><br>Test class: Suite2_ShoppingCart.Page_7_TerminalXShoppingCartTest</td>
<td></td>
<td>26</td>
<td>Suite2_ShoppingCart.Page_7_TerminalXShoppingCartTest@6caf0677</td></tr>
<tr>
<td title='Suite2_ShoppingCart.Page_7_TerminalXShoppingCartTest.tastcase2()'><b>tastcase2</b><br>Test class: Suite2_ShoppingCart.Page_7_TerminalXShoppingCartTest</td>
<td></td>
<td>39</td>
<td>Suite2_ShoppingCart.Page_7_TerminalXShoppingCartTest@6caf0677</td></tr>
<tr>
<td title='Suite2_ShoppingCart.Page_7_TerminalXShoppingCartTest.tastcase3()'><b>tastcase3</b><br>Test class: Suite2_ShoppingCart.Page_7_TerminalXShoppingCartTest</td>
<td></td>
<td>1</td>
<td>Suite2_ShoppingCart.Page_7_TerminalXShoppingCartTest@6caf0677</td></tr>
<tr>
<td title='Suite2_ShoppingCart.Page_7_TerminalXShoppingCartTest.tastcase4()'><b>tastcase4</b><br>Test class: Suite2_ShoppingCart.Page_7_TerminalXShoppingCartTest</td>
<td></td>
<td>3</td>
<td>Suite2_ShoppingCart.Page_7_TerminalXShoppingCartTest@6caf0677</td></tr>
<tr>
<td title='Suite2_ShoppingCart.Page_7_TerminalXShoppingCartTest.tastcase5()'><b>tastcase5</b><br>Test class: Suite2_ShoppingCart.Page_7_TerminalXShoppingCartTest</td>
<td></td>
<td>10</td>
<td>Suite2_ShoppingCart.Page_7_TerminalXShoppingCartTest@6caf0677</td></tr>
<tr>
<td title='Suite1_RegistrationAndAuthentication.Page_1_TerminalXRegistrationTest.testcase1()'><b>testcase1</b><br>Test class: Suite1_RegistrationAndAuthentication.Page_1_TerminalXRegistrationTest<br>Test method: checkInputFirstName_IfEmpty</td>
<td></td>
<td>1</td>
<td>Suite1_RegistrationAndAuthentication.Page_1_TerminalXRegistrationTest@5e2c3d18</td></tr>
<tr>
<td title='Suite1_RegistrationAndAuthentication.Page_2_TerminalXLoginTest.testcase1()'><b>testcase1</b><br>Test class: Suite1_RegistrationAndAuthentication.Page_2_TerminalXLoginTest</td>
<td></td>
<td>7</td>
<td>Suite1_RegistrationAndAuthentication.Page_2_TerminalXLoginTest@2cb4893b</td></tr>
<tr>
<td title='Suite1_RegistrationAndAuthentication.Page_3_TerminalXLogoutTest.testcase1()'><b>testcase1</b><br>Test class: Suite1_RegistrationAndAuthentication.Page_3_TerminalXLogoutTest</td>
<td></td>
<td>2</td>
<td>Suite1_RegistrationAndAuthentication.Page_3_TerminalXLogoutTest@cc43f62</td></tr>
<tr>
<td title='Suite3_Search.Page_6_TerminalXSearchTest.testcase1()'><b>testcase1</b><br>Test class: Suite3_Search.Page_6_TerminalXSearchTest<br>Test method: checkIfAllTheResultsContainTheTermSearch</td>
<td></td>
<td>6</td>
<td>Suite3_Search.Page_6_TerminalXSearchTest@5b218417</td></tr>
<tr>
<td title='Suite3_Search.Page_5_TerminalXFilterTest.testcase1()'><b>testcase1</b><br>Test class: Suite3_Search.Page_5_TerminalXFilterTest</td>
<td></td>
<td>18</td>
<td>Suite3_Search.Page_5_TerminalXFilterTest@645aa696</td></tr>
<tr>
<td title='Suite1_RegistrationAndAuthentication.Page_1_TerminalXRegistrationTest.testcase10()'><b>testcase10</b><br>Test class: Suite1_RegistrationAndAuthentication.Page_1_TerminalXRegistrationTest<br>Test method: checkInputPassword_unless8letters</td>
<td></td>
<td>8</td>
<td>Suite1_RegistrationAndAuthentication.Page_1_TerminalXRegistrationTest@5e2c3d18</td></tr>
<tr>
<td title='Suite1_RegistrationAndAuthentication.Page_1_TerminalXRegistrationTest.testcase11()'><b>testcase11</b><br>Test class: Suite1_RegistrationAndAuthentication.Page_1_TerminalXRegistrationTest<br>Test method: checkInputPassword_withoutLowerCaseLetter</td>
<td></td>
<td>8</td>
<td>Suite1_RegistrationAndAuthentication.Page_1_TerminalXRegistrationTest@5e2c3d18</td></tr>
<tr>
<td title='Suite1_RegistrationAndAuthentication.Page_1_TerminalXRegistrationTest.testcase12()'><b>testcase12</b><br>Test class: Suite1_RegistrationAndAuthentication.Page_1_TerminalXRegistrationTest<br>Test method: checkInputPassword_withoutCapitalLetter</td>
<td></td>
<td>8</td>
<td>Suite1_RegistrationAndAuthentication.Page_1_TerminalXRegistrationTest@5e2c3d18</td></tr>
<tr>
<td title='Suite1_RegistrationAndAuthentication.Page_1_TerminalXRegistrationTest.testcase13()'><b>testcase13</b><br>Test class: Suite1_RegistrationAndAuthentication.Page_1_TerminalXRegistrationTest<br>Test method: checkInputPassword_withoutspecialChar</td>
<td></td>
<td>9</td>
<td>Suite1_RegistrationAndAuthentication.Page_1_TerminalXRegistrationTest@5e2c3d18</td></tr>
<tr>
<td title='Suite1_RegistrationAndAuthentication.Page_1_TerminalXRegistrationTest.testcase2()'><b>testcase2</b><br>Test class: Suite1_RegistrationAndAuthentication.Page_1_TerminalXRegistrationTest<br>Test method: checkInputLasttName_IfEmpty</td>
<td></td>
<td>9</td>
<td>Suite1_RegistrationAndAuthentication.Page_1_TerminalXRegistrationTest@5e2c3d18</td></tr>
<tr>
<td title='Suite1_RegistrationAndAuthentication.Page_2_TerminalXLoginTest.testcase2()'><b>testcase2</b><br>Test class: Suite1_RegistrationAndAuthentication.Page_2_TerminalXLoginTest</td>
<td></td>
<td>7</td>
<td>Suite1_RegistrationAndAuthentication.Page_2_TerminalXLoginTest@2cb4893b</td></tr>
<tr>
<td title='Suite3_Search.Page_6_TerminalXSearchTest.testcase2()'><b>testcase2</b><br>Test class: Suite3_Search.Page_6_TerminalXSearchTest<br>Test method: ChekLowestToHighesPricesButton</td>
<td></td>
<td>16</td>
<td>Suite3_Search.Page_6_TerminalXSearchTest@5b218417</td></tr>
<tr>
<td title='Suite3_Search.Page_5_TerminalXFilterTest.testcase2()'><b>testcase2</b><br>Test class: Suite3_Search.Page_5_TerminalXFilterTest</td>
<td></td>
<td>29</td>
<td>Suite3_Search.Page_5_TerminalXFilterTest@645aa696</td></tr>
<tr>
<td title='Suite1_RegistrationAndAuthentication.Page_1_TerminalXRegistrationTest.testcase3()'><b>testcase3</b><br>Test class: Suite1_RegistrationAndAuthentication.Page_1_TerminalXRegistrationTest<br>Test method: checkInputNumberPhone_IfNotCorect</td>
<td></td>
<td>10</td>
<td>Suite1_RegistrationAndAuthentication.Page_1_TerminalXRegistrationTest@5e2c3d18</td></tr>
<tr>
<td title='Suite1_RegistrationAndAuthentication.Page_2_TerminalXLoginTest.testcase3()'><b>testcase3</b><br>Test class: Suite1_RegistrationAndAuthentication.Page_2_TerminalXLoginTest</td>
<td></td>
<td>6</td>
<td>Suite1_RegistrationAndAuthentication.Page_2_TerminalXLoginTest@2cb4893b</td></tr>
<tr>
<td title='Suite3_Search.Page_6_TerminalXSearchTest.testcase3()'><b>testcase3</b><br>Test class: Suite3_Search.Page_6_TerminalXSearchTest<br>Test method: ChekHighesToLowestPricesButton</td>
<td></td>
<td>16</td>
<td>Suite3_Search.Page_6_TerminalXSearchTest@5b218417</td></tr>
<tr>
<td title='Suite3_Search.Page_5_TerminalXFilterTest.testcase3()'><b>testcase3</b><br>Test class: Suite3_Search.Page_5_TerminalXFilterTest</td>
<td></td>
<td>32</td>
<td>Suite3_Search.Page_5_TerminalXFilterTest@645aa696</td></tr>
<tr>
<td title='Suite1_RegistrationAndAuthentication.Page_1_TerminalXRegistrationTest.testcase4()'><b>testcase4</b><br>Test class: Suite1_RegistrationAndAuthentication.Page_1_TerminalXRegistrationTest<br>Test method: checkInputNumberPhone_IfEmpty</td>
<td></td>
<td>10</td>
<td>Suite1_RegistrationAndAuthentication.Page_1_TerminalXRegistrationTest@5e2c3d18</td></tr>
<tr>
<td title='Suite1_RegistrationAndAuthentication.Page_2_TerminalXLoginTest.testcase4()'><b>testcase4</b><br>Test class: Suite1_RegistrationAndAuthentication.Page_2_TerminalXLoginTest</td>
<td></td>
<td>6</td>
<td>Suite1_RegistrationAndAuthentication.Page_2_TerminalXLoginTest@2cb4893b</td></tr>
<tr>
<td title='Suite3_Search.Page_5_TerminalXFilterTest.testcase4()'><b>testcase4</b><br>Test class: Suite3_Search.Page_5_TerminalXFilterTest</td>
<td></td>
<td>34</td>
<td>Suite3_Search.Page_5_TerminalXFilterTest@645aa696</td></tr>
<tr>
<td title='Suite1_RegistrationAndAuthentication.Page_1_TerminalXRegistrationTest.testcase5()'><b>testcase5</b><br>Test class: Suite1_RegistrationAndAuthentication.Page_1_TerminalXRegistrationTest<br>Test method: checkInputEmail_IfNotCorect</td>
<td></td>
<td>10</td>
<td>Suite1_RegistrationAndAuthentication.Page_1_TerminalXRegistrationTest@5e2c3d18</td></tr>
<tr>
<td title='Suite1_RegistrationAndAuthentication.Page_2_TerminalXLoginTest.testcase5()'><b>testcase5</b><br>Test class: Suite1_RegistrationAndAuthentication.Page_2_TerminalXLoginTest</td>
<td></td>
<td>6</td>
<td>Suite1_RegistrationAndAuthentication.Page_2_TerminalXLoginTest@2cb4893b</td></tr>
<tr>
<td title='Suite3_Search.Page_5_TerminalXFilterTest.testcase5()'><b>testcase5</b><br>Test class: Suite3_Search.Page_5_TerminalXFilterTest</td>
<td></td>
<td>31</td>
<td>Suite3_Search.Page_5_TerminalXFilterTest@645aa696</td></tr>
<tr>
<td title='Suite1_RegistrationAndAuthentication.Page_1_TerminalXRegistrationTest.testcase6()'><b>testcase6</b><br>Test class: Suite1_RegistrationAndAuthentication.Page_1_TerminalXRegistrationTest<br>Test method: checkInputEmail_IfEmpty</td>
<td></td>
<td>9</td>
<td>Suite1_RegistrationAndAuthentication.Page_1_TerminalXRegistrationTest@5e2c3d18</td></tr>
<tr>
<td title='Suite1_RegistrationAndAuthentication.Page_2_TerminalXLoginTest.testcase6()'><b>testcase6</b><br>Test class: Suite1_RegistrationAndAuthentication.Page_2_TerminalXLoginTest</td>
<td></td>
<td>11</td>
<td>Suite1_RegistrationAndAuthentication.Page_2_TerminalXLoginTest@2cb4893b</td></tr>
<tr>
<td title='Suite3_Search.Page_5_TerminalXFilterTest.testcase6()'><b>testcase6</b><br>Test class: Suite3_Search.Page_5_TerminalXFilterTest</td>
<td></td>
<td>33</td>
<td>Suite3_Search.Page_5_TerminalXFilterTest@645aa696</td></tr>
<tr>
<td title='Suite1_RegistrationAndAuthentication.Page_1_TerminalXRegistrationTest.testcase7()'><b>testcase7</b><br>Test class: Suite1_RegistrationAndAuthentication.Page_1_TerminalXRegistrationTest<br>Test method: checkInputPassword_IfEmpty</td>
<td></td>
<td>11</td>
<td>Suite1_RegistrationAndAuthentication.Page_1_TerminalXRegistrationTest@5e2c3d18</td></tr>
<tr>
<td title='Suite1_RegistrationAndAuthentication.Page_1_TerminalXRegistrationTest.testcase8()'><b>testcase8</b><br>Test class: Suite1_RegistrationAndAuthentication.Page_1_TerminalXRegistrationTest<br>Test method: checkInputConfirmPassword_IfEmpty</td>
<td></td>
<td>10</td>
<td>Suite1_RegistrationAndAuthentication.Page_1_TerminalXRegistrationTest@5e2c3d18</td></tr>
<tr>
<td title='Suite1_RegistrationAndAuthentication.Page_1_TerminalXRegistrationTest.testcase9()'><b>testcase9</b><br>Test class: Suite1_RegistrationAndAuthentication.Page_1_TerminalXRegistrationTest<br>Test method: checkInputConfirmPassword_IfEmpty</td>
<td></td>
<td>10</td>
<td>Suite1_RegistrationAndAuthentication.Page_1_TerminalXRegistrationTest@5e2c3d18</td></tr>
</table><p>
</body>
</html>