<?xml version="1.0" encoding="UTF-8"?>
<!-- Generated by org.testng.reporters.JUnitXMLReporter -->
<testsuite hostname="DESKTOP-ROECGEC" name="Test" tests="35" failures="1" timestamp="4 Sep 2022 06:35:57 GMT" time="559.085" errors="0">
  <testcase name="testcase1" time="1.978" classname="Suite1_RegistrationAndAuthentication.Page_1_TerminalXRegistrationTest"/>
  <testcase name="testcase2" time="9.683" classname="Suite1_RegistrationAndAuthentication.Page_1_TerminalXRegistrationTest"/>
  <testcase name="testcase3" time="10.167" classname="Suite1_RegistrationAndAuthentication.Page_1_TerminalXRegistrationTest"/>
  <testcase name="testcase4" time="10.605" classname="Suite1_RegistrationAndAuthentication.Page_1_TerminalXRegistrationTest"/>
  <testcase name="testcase5" time="10.333" classname="Suite1_RegistrationAndAuthentication.Page_1_TerminalXRegistrationTest"/>
  <testcase name="testcase6" time="9.69" classname="Suite1_RegistrationAndAuthentication.Page_1_TerminalXRegistrationTest"/>
  <testcase name="testcase7" time="11.153" classname="Suite1_RegistrationAndAuthentication.Page_1_TerminalXRegistrationTest"/>
  <testcase name="testcase8" time="10.49" classname="Suite1_RegistrationAndAuthentication.Page_1_TerminalXRegistrationTest"/>
  <testcase name="testcase9" time="10.442" classname="Suite1_RegistrationAndAuthentication.Page_1_TerminalXRegistrationTest"/>
  <testcase name="testcase10" time="8.9" classname="Suite1_RegistrationAndAuthentication.Page_1_TerminalXRegistrationTest"/>
  <testcase name="testcase11" time="8.549" classname="Suite1_RegistrationAndAuthentication.Page_1_TerminalXRegistrationTest"/>
  <testcase name="testcase12" time="8.018" classname="Suite1_RegistrationAndAuthentication.Page_1_TerminalXRegistrationTest"/>
  <testcase name="testcase13" time="9.012" classname="Suite1_RegistrationAndAuthentication.Page_1_TerminalXRegistrationTest"/>
  <testcase name="testcase14" time="23.558" classname="Suite1_RegistrationAndAuthentication.Page_1_TerminalXRegistrationTest">
    <failure type="org.openqa.selenium.TimeoutException" message="Expected condition failed: waiting for visibility of element located by By.cssSelector: [data-test-id=&amp;quot;qa-header-profile-button&amp;quot;] (tried for 10 second(s) with 500 milliseconds interval)
Build info: version: &amp;apos;4.0.0&amp;apos;, revision: &amp;apos;3a21814679&amp;apos;
System info: host: &amp;apos;DESKTOP-ROECGEC&amp;apos;, ip: &amp;apos;192.168.8.100&amp;apos;, os.name: &amp;apos;Windows 10&amp;apos;, os.arch: &amp;apos;amd64&amp;apos;, os.version: &amp;apos;10.0&amp;apos;, java.version: &amp;apos;1.8.0_111&amp;apos;
Driver info: org.openqa.selenium.chrome.ChromeDriver
Capabilities {acceptInsecureCerts: false, browserName: chrome, browserVersion: 104.0.5112.102, chrome: {chromedriverVersion: 104.0.5112.79 (3cf3e8c8a07d..., userDataDir: C:\Users\THIS_U~1\AppData\L...}, goog:chromeOptions: {debuggerAddress: localhost:56504}, javascriptEnabled: true, networkConnectionEnabled: false, pageLoadStrategy: normal, platform: WINDOWS, platformName: WINDOWS, proxy: Proxy(), se:cdp: ws://localhost:56504/devtoo..., se:cdpVersion: 104.0.5112.102, setWindowRect: true, strictFileInteractability: false, timeouts: {implicit: 0, pageLoad: 300000, script: 30000}, unhandledPromptBehavior: dismiss and notify, webauthn:extension:credBlob: true, webauthn:extension:largeBlob: true, webauthn:virtualAuthenticators: true}
Session ID: 927308643bc8f88532892913bf925f68">
      <![CDATA[org.openqa.selenium.TimeoutException: Expected condition failed: waiting for visibility of element located by By.cssSelector: [data-test-id="qa-header-profile-button"] (tried for 10 second(s) with 500 milliseconds interval)
Build info: version: '4.0.0', revision: '3a21814679'
System info: host: 'DESKTOP-ROECGEC', ip: '192.168.8.100', os.name: 'Windows 10', os.arch: 'amd64', os.version: '10.0', java.version: '1.8.0_111'
Driver info: org.openqa.selenium.chrome.ChromeDriver
Capabilities {acceptInsecureCerts: false, browserName: chrome, browserVersion: 104.0.5112.102, chrome: {chromedriverVersion: 104.0.5112.79 (3cf3e8c8a07d..., userDataDir: C:\Users\THIS_U~1\AppData\L...}, goog:chromeOptions: {debuggerAddress: localhost:56504}, javascriptEnabled: true, networkConnectionEnabled: false, pageLoadStrategy: normal, platform: WINDOWS, platformName: WINDOWS, proxy: Proxy(), se:cdp: ws://localhost:56504/devtoo..., se:cdpVersion: 104.0.5112.102, setWindowRect: true, strictFileInteractability: false, timeouts: {implicit: 0, pageLoad: 300000, script: 30000}, unhandledPromptBehavior: dismiss and notify, webauthn:extension:credBlob: true, webauthn:extension:largeBlob: true, webauthn:virtualAuthenticators: true}
Session ID: 927308643bc8f88532892913bf925f68
	at org.openqa.selenium.support.ui.WebDriverWait.timeoutException(WebDriverWait.java:138)
	at org.openqa.selenium.support.ui.FluentWait.until(FluentWait.java:231)
	at utils.BasePage.waitUntilVisibilityElemntLocated(BasePage.java:54)
	at Suite1_RegistrationAndAuthentication.PageTerminalXRegistrationObjectModel.checkAllCorrect(PageTerminalXRegistrationObjectModel.java:178)
	at Suite1_RegistrationAndAuthentication.Page_1_TerminalXRegistrationTest.testcase14(Page_1_TerminalXRegistrationTest.java:121)
... Removed 25 stack frames]]>
    </failure>
  </testcase> <!-- testcase14 -->
  <testcase name="testcase1" time="7.224" classname="Suite1_RegistrationAndAuthentication.Page_2_TerminalXLoginTest"/>
  <testcase name="testcase2" time="7.44" classname="Suite1_RegistrationAndAuthentication.Page_2_TerminalXLoginTest"/>
  <testcase name="testcase3" time="6.987" classname="Suite1_RegistrationAndAuthentication.Page_2_TerminalXLoginTest"/>
  <testcase name="testcase4" time="6.616" classname="Suite1_RegistrationAndAuthentication.Page_2_TerminalXLoginTest"/>
  <testcase name="testcase5" time="6.525" classname="Suite1_RegistrationAndAuthentication.Page_2_TerminalXLoginTest"/>
  <testcase name="testcase6" time="11.91" classname="Suite1_RegistrationAndAuthentication.Page_2_TerminalXLoginTest"/>
  <testcase name="testcase1" time="2.156" classname="Suite1_RegistrationAndAuthentication.Page_3_TerminalXLogoutTest"/>
  <testcase name="testcase1" time="6.413" classname="Suite3_Search.Page_6_TerminalXSearchTest"/>
  <testcase name="testcase2" time="16.433" classname="Suite3_Search.Page_6_TerminalXSearchTest"/>
  <testcase name="testcase3" time="16.698" classname="Suite3_Search.Page_6_TerminalXSearchTest"/>
  <testcase name="testcase1" time="18.81" classname="Suite3_Search.Page_5_TerminalXFilterTest"/>
  <testcase name="testcase2" time="29.271" classname="Suite3_Search.Page_5_TerminalXFilterTest"/>
  <testcase name="testcase3" time="32.274" classname="Suite3_Search.Page_5_TerminalXFilterTest"/>
  <testcase name="testcase4" time="34.948" classname="Suite3_Search.Page_5_TerminalXFilterTest"/>
  <testcase name="testcase5" time="31.32" classname="Suite3_Search.Page_5_TerminalXFilterTest"/>
  <testcase name="testcase6" time="33.763" classname="Suite3_Search.Page_5_TerminalXFilterTest"/>
  <testcase name="tastcase1" time="26.546" classname="Suite2_ShoppingCart.Page_7_TerminalXShoppingCartTest"/>
  <testcase name="tastcase2" time="39.531" classname="Suite2_ShoppingCart.Page_7_TerminalXShoppingCartTest"/>
  <testcase name="tastcase3" time="1.683" classname="Suite2_ShoppingCart.Page_7_TerminalXShoppingCartTest"/>
  <testcase name="tastcase4" time="3.509" classname="Suite2_ShoppingCart.Page_7_TerminalXShoppingCartTest"/>
  <testcase name="tastcase5" time="10.574" classname="Suite2_ShoppingCart.Page_7_TerminalXShoppingCartTest"/>
</testsuite> <!-- Test -->
