<?xml version="1.0" encoding="UTF-8"?>
<!-- Generated by org.testng.reporters.JUnitReportReporter -->
<testsuite hostname="DESKTOP-ROECGEC" name="Suite1_RegistrationAndAuthentication.Page_1_TerminalXRegistrationTest" tests="14" failures="0" timestamp="4 Sep 2022 06:35:57 GMT" time="142.578" errors="1">
  <testcase name="testcase12" time="8.018" classname="Suite1_RegistrationAndAuthentication.Page_1_TerminalXRegistrationTest"/>
  <testcase name="testcase2" time="9.683" classname="Suite1_RegistrationAndAuthentication.Page_1_TerminalXRegistrationTest"/>
  <testcase name="testcase4" time="10.605" classname="Suite1_RegistrationAndAuthentication.Page_1_TerminalXRegistrationTest"/>
  <testcase name="testcase9" time="10.442" classname="Suite1_RegistrationAndAuthentication.Page_1_TerminalXRegistrationTest"/>
  <testcase name="testcase3" time="10.167" classname="Suite1_RegistrationAndAuthentication.Page_1_TerminalXRegistrationTest"/>
  <testcase name="testcase1" time="1.978" classname="Suite1_RegistrationAndAuthentication.Page_1_TerminalXRegistrationTest"/>
  <testcase name="testcase7" time="11.153" classname="Suite1_RegistrationAndAuthentication.Page_1_TerminalXRegistrationTest"/>
  <testcase name="testcase6" time="9.690" classname="Suite1_RegistrationAndAuthentication.Page_1_TerminalXRegistrationTest"/>
  <testcase name="testcase10" time="8.900" classname="Suite1_RegistrationAndAuthentication.Page_1_TerminalXRegistrationTest"/>
  <testcase name="testcase5" time="10.333" classname="Suite1_RegistrationAndAuthentication.Page_1_TerminalXRegistrationTest"/>
  <testcase name="testcase14" time="23.558" classname="Suite1_RegistrationAndAuthentication.Page_1_TerminalXRegistrationTest">
    <error type="org.openqa.selenium.TimeoutException" message="Expected condition failed: waiting for visibility of element located by By.cssSelector: [data-test-id=&quot;qa-header-profile-button&quot;] (tried for 10 second(s) with 500 milliseconds interval)
Build info: version: &#039;4.0.0&#039;, revision: &#039;3a21814679&#039;
System info: host: &#039;DESKTOP-ROECGEC&#039;, ip: &#039;192.168.8.100&#039;, os.name: &#039;Windows 10&#039;, os.arch: &#039;amd64&#039;, os.version: &#039;10.0&#039;, java.version: &#039;1.8.0_111&#039;
Driver info: org.openqa.selenium.chrome.ChromeDriver
Capabilities {acceptInsecureCerts: false, browserName: chrome, browserVersion: 104.0.5112.102, chrome: {chromedriverVersion: 104.0.5112.79 (3cf3e8c8a07d..., userDataDir: C:\Users\THIS_U~1\AppData\L...}, goog:chromeOptions: {debuggerAddress: localhost:56504}, javascriptEnabled: true, networkConnectionEnabled: false, pageLoadStrategy: normal, platform: WINDOWS, platformName: WINDOWS, proxy: Proxy(), se:cdp: ws://localhost:56504/devtoo..., se:cdpVersion: 104.0.5112.102, setWindowRect: true, strictFileInteractability: false, timeouts: {implicit: 0, pageLoad: 300000, script: 30000}, unhandledPromptBehavior: dismiss and notify, webauthn:extension:credBlob: true, webauthn:extension:largeBlob: true, webauthn:virtualAuthenticators: true}
Session ID: 927308643bc8f88532892913bf925f68">
      <![CDATA[org.openqa.selenium.TimeoutException: Expected condition failed: waiting for visibility of element located by By.cssSelector: [data-test-id="qa-header-profile-button"] (tried for 10 second(s) with 500 milliseconds interval)
Build info: version: '4.0.0', revision: '3a21814679'
System info: host: 'DESKTOP-ROECGEC', ip: '192.168.8.100', os.name: 'Windows 10', os.arch: 'amd64', os.version: '10.0', java.version: '1.8.0_111'
Driver info: org.openqa.selenium.chrome.ChromeDriver
Capabilities {acceptInsecureCerts: false, browserName: chrome, browserVersion: 104.0.5112.102, chrome: {chromedriverVersion: 104.0.5112.79 (3cf3e8c8a07d..., userDataDir: C:\Users\THIS_U~1\AppData\L...}, goog:chromeOptions: {debuggerAddress: localhost:56504}, javascriptEnabled: true, networkConnectionEnabled: false, pageLoadStrategy: normal, platform: WINDOWS, platformName: WINDOWS, proxy: Proxy(), se:cdp: ws://localhost:56504/devtoo..., se:cdpVersion: 104.0.5112.102, setWindowRect: true, strictFileInteractability: false, timeouts: {implicit: 0, pageLoad: 300000, script: 30000}, unhandledPromptBehavior: dismiss and notify, webauthn:extension:credBlob: true, webauthn:extension:largeBlob: true, webauthn:virtualAuthenticators: true}
Session ID: 927308643bc8f88532892913bf925f68
	at org.openqa.selenium.support.ui.WebDriverWait.timeoutException(WebDriverWait.java:138)
	at org.openqa.selenium.support.ui.FluentWait.until(FluentWait.java:231)
	at utils.BasePage.waitUntilVisibilityElemntLocated(BasePage.java:54)
	at Suite1_RegistrationAndAuthentication.PageTerminalXRegistrationObjectModel.checkAllCorrect(PageTerminalXRegistrationObjectModel.java:178)
	at Suite1_RegistrationAndAuthentication.Page_1_TerminalXRegistrationTest.testcase14(Page_1_TerminalXRegistrationTest.java:121)
	at sun.reflect.NativeMethodAccessorImpl.invoke0(Native Method)
	at sun.reflect.NativeMethodAccessorImpl.invoke(Unknown Source)
	at sun.reflect.DelegatingMethodAccessorImpl.invoke(Unknown Source)
	at java.lang.reflect.Method.invoke(Unknown Source)
	at org.testng.internal.MethodInvocationHelper.invokeMethod(MethodInvocationHelper.java:100)
	at org.testng.internal.Invoker.invokeMethod(Invoker.java:646)
	at org.testng.internal.Invoker.invokeTestMethod(Invoker.java:811)
	at org.testng.internal.Invoker.invokeTestMethods(Invoker.java:1129)
	at org.testng.internal.TestMethodWorker.invokeTestMethods(TestMethodWorker.java:129)
	at org.testng.internal.TestMethodWorker.run(TestMethodWorker.java:112)
	at org.testng.TestRunner.privateRun(TestRunner.java:746)
	at org.testng.TestRunner.run(TestRunner.java:600)
	at org.testng.SuiteRunner.runTest(SuiteRunner.java:366)
	at org.testng.SuiteRunner.runSequentially(SuiteRunner.java:361)
	at org.testng.SuiteRunner.privateRun(SuiteRunner.java:319)
	at org.testng.SuiteRunner.run(SuiteRunner.java:268)
	at org.testng.SuiteRunnerWorker.runSuite(SuiteRunnerWorker.java:52)
	at org.testng.SuiteRunnerWorker.run(SuiteRunnerWorker.java:86)
	at org.testng.TestNG.runSuitesSequentially(TestNG.java:1264)
	at org.testng.TestNG.runSuitesLocally(TestNG.java:1189)
	at org.testng.TestNG.runSuites(TestNG.java:1104)
	at org.testng.TestNG.run(TestNG.java:1076)
	at org.testng.remote.AbstractRemoteTestNG.run(AbstractRemoteTestNG.java:126)
	at org.testng.remote.RemoteTestNG.initAndRun(RemoteTestNG.java:152)
	at org.testng.remote.RemoteTestNG.main(RemoteTestNG.java:57)
]]>
    </error>
  </testcase> <!-- testcase14 -->
  <testcase name="testcase8" time="10.490" classname="Suite1_RegistrationAndAuthentication.Page_1_TerminalXRegistrationTest"/>
  <testcase name="testcase11" time="8.549" classname="Suite1_RegistrationAndAuthentication.Page_1_TerminalXRegistrationTest"/>
  <testcase name="testcase13" time="9.012" classname="Suite1_RegistrationAndAuthentication.Page_1_TerminalXRegistrationTest"/>
</testsuite> <!-- Suite1_RegistrationAndAuthentication.Page_1_TerminalXRegistrationTest -->
