<?xml version="1.0" encoding="UTF-8"?>
<!-- Generated by org.testng.reporters.JUnitReportReporter -->
<testsuite hostname="DESKTOP-ROECGEC" name="RegistrationAndAuthentication.Page_1_TerminalXRegistrationTest" tests="14" failures="0" timestamp="1 Sep 2022 15:39:06 GMT" time="116.590" errors="1">
  <testcase name="testcase6" time="8.463" classname="RegistrationAndAuthentication.Page_1_TerminalXRegistrationTest"/>
  <testcase name="testcase8" time="8.047" classname="RegistrationAndAuthentication.Page_1_TerminalXRegistrationTest"/>
  <testcase name="testcase5" time="7.222" classname="RegistrationAndAuthentication.Page_1_TerminalXRegistrationTest"/>
  <testcase name="testcase9" time="8.978" classname="RegistrationAndAuthentication.Page_1_TerminalXRegistrationTest"/>
  <testcase name="testcase7" time="8.133" classname="RegistrationAndAuthentication.Page_1_TerminalXRegistrationTest"/>
  <testcase name="testcase1" time="1.407" classname="RegistrationAndAuthentication.Page_1_TerminalXRegistrationTest"/>
  <testcase name="testcase13" time="7.433" classname="RegistrationAndAuthentication.Page_1_TerminalXRegistrationTest"/>
  <testcase name="testcase12" time="7.225" classname="RegistrationAndAuthentication.Page_1_TerminalXRegistrationTest"/>
  <testcase name="testcase14" time="19.047" classname="RegistrationAndAuthentication.Page_1_TerminalXRegistrationTest">
    <error type="org.openqa.selenium.TimeoutException" message="Expected condition failed: waiting for visibility of element located by By.cssSelector: [data-test-id=&quot;qa-header-profile-button&quot;] (tried for 10 second(s) with 500 milliseconds interval)
Build info: version: &#039;4.1.3&#039;, revision: &#039;7b1ebf28ef&#039;
System info: host: &#039;DESKTOP-ROECGEC&#039;, ip: &#039;192.168.8.100&#039;, os.name: &#039;Windows 10&#039;, os.arch: &#039;amd64&#039;, os.version: &#039;10.0&#039;, java.version: &#039;1.8.0_111&#039;
Driver info: org.openqa.selenium.chrome.ChromeDriver
Capabilities {acceptInsecureCerts: false, browserName: chrome, browserVersion: 104.0.5112.102, chrome: {chromedriverVersion: 104.0.5112.79 (3cf3e8c8a07d..., userDataDir: C:\Users\THIS_U~1\AppData\L...}, goog:chromeOptions: {debuggerAddress: localhost:60269}, javascriptEnabled: true, networkConnectionEnabled: false, pageLoadStrategy: normal, platform: WINDOWS, platformName: WINDOWS, proxy: Proxy(), se:cdp: ws://localhost:60269/devtoo..., se:cdpVersion: 104.0.5112.102, setWindowRect: true, strictFileInteractability: false, timeouts: {implicit: 0, pageLoad: 300000, script: 30000}, unhandledPromptBehavior: dismiss and notify, webauthn:extension:credBlob: true, webauthn:extension:largeBlob: true, webauthn:virtualAuthenticators: true}
Session ID: 7be1df0a644d4f91b417870954541055">
      <![CDATA[org.openqa.selenium.TimeoutException: Expected condition failed: waiting for visibility of element located by By.cssSelector: [data-test-id="qa-header-profile-button"] (tried for 10 second(s) with 500 milliseconds interval)
Build info: version: '4.1.3', revision: '7b1ebf28ef'
System info: host: 'DESKTOP-ROECGEC', ip: '192.168.8.100', os.name: 'Windows 10', os.arch: 'amd64', os.version: '10.0', java.version: '1.8.0_111'
Driver info: org.openqa.selenium.chrome.ChromeDriver
Capabilities {acceptInsecureCerts: false, browserName: chrome, browserVersion: 104.0.5112.102, chrome: {chromedriverVersion: 104.0.5112.79 (3cf3e8c8a07d..., userDataDir: C:\Users\THIS_U~1\AppData\L...}, goog:chromeOptions: {debuggerAddress: localhost:60269}, javascriptEnabled: true, networkConnectionEnabled: false, pageLoadStrategy: normal, platform: WINDOWS, platformName: WINDOWS, proxy: Proxy(), se:cdp: ws://localhost:60269/devtoo..., se:cdpVersion: 104.0.5112.102, setWindowRect: true, strictFileInteractability: false, timeouts: {implicit: 0, pageLoad: 300000, script: 30000}, unhandledPromptBehavior: dismiss and notify, webauthn:extension:credBlob: true, webauthn:extension:largeBlob: true, webauthn:virtualAuthenticators: true}
Session ID: 7be1df0a644d4f91b417870954541055
	at org.openqa.selenium.support.ui.WebDriverWait.timeoutException(WebDriverWait.java:87)
	at org.openqa.selenium.support.ui.FluentWait.until(FluentWait.java:231)
	at utils.BasePage.waitUntilVisibilityElemntLocated(BasePage.java:54)
	at RegistrationAndAuthentication.PageTerminalXRegistrationObjectModel.checkAllCorrect(PageTerminalXRegistrationObjectModel.java:178)
	at RegistrationAndAuthentication.Page_1_TerminalXRegistrationTest.testcase14(Page_1_TerminalXRegistrationTest.java:106)
	at sun.reflect.NativeMethodAccessorImpl.invoke0(Native Method)
	at sun.reflect.NativeMethodAccessorImpl.invoke(Unknown Source)
	at sun.reflect.DelegatingMethodAccessorImpl.invoke(Unknown Source)
	at java.lang.reflect.Method.invoke(Unknown Source)
	at org.testng.internal.MethodInvocationHelper.invokeMethod(MethodInvocationHelper.java:100)
	at org.testng.internal.Invoker.invokeMethod(Invoker.java:646)
	at org.testng.internal.Invoker.invokeTestMethod(Invoker.java:811)
	at org.testng.internal.Invoker.invokeTestMethods(Invoker.java:1129)
	at org.testng.internal.TestMethodWorker.invokeTestMethods(TestMethodWorker.java:129)
	at org.testng.internal.TestMethodWorker.run(TestMethodWorker.java:112)
	at org.testng.TestRunner.privateRun(TestRunner.java:746)
	at org.testng.TestRunner.run(TestRunner.java:600)
	at org.testng.SuiteRunner.runTest(SuiteRunner.java:366)
	at org.testng.SuiteRunner.runSequentially(SuiteRunner.java:361)
	at org.testng.SuiteRunner.privateRun(SuiteRunner.java:319)
	at org.testng.SuiteRunner.run(SuiteRunner.java:268)
	at org.testng.SuiteRunnerWorker.runSuite(SuiteRunnerWorker.java:52)
	at org.testng.SuiteRunnerWorker.run(SuiteRunnerWorker.java:86)
	at org.testng.TestNG.runSuitesSequentially(TestNG.java:1264)
	at org.testng.TestNG.runSuitesLocally(TestNG.java:1189)
	at org.testng.TestNG.runSuites(TestNG.java:1104)
	at org.testng.TestNG.run(TestNG.java:1076)
	at org.testng.remote.AbstractRemoteTestNG.run(AbstractRemoteTestNG.java:126)
	at org.testng.remote.RemoteTestNG.initAndRun(RemoteTestNG.java:152)
	at org.testng.remote.RemoteTestNG.main(RemoteTestNG.java:57)
]]>
    </error>
  </testcase> <!-- testcase14 -->
  <testcase name="testcase2" time="9.344" classname="RegistrationAndAuthentication.Page_1_TerminalXRegistrationTest"/>
  <testcase name="testcase3" time="8.909" classname="RegistrationAndAuthentication.Page_1_TerminalXRegistrationTest"/>
  <testcase name="testcase10" time="6.606" classname="RegistrationAndAuthentication.Page_1_TerminalXRegistrationTest"/>
  <testcase name="testcase4" time="8.626" classname="RegistrationAndAuthentication.Page_1_TerminalXRegistrationTest"/>
  <testcase name="testcase11" time="7.150" classname="RegistrationAndAuthentication.Page_1_TerminalXRegistrationTest"/>
</testsuite> <!-- RegistrationAndAuthentication.Page_1_TerminalXRegistrationTest -->
